<?xml version="1.0" encoding="UTF-8"?>
<!-- Generated by org.testng.reporters.JUnitXMLReporter -->
<testsuite ignored="2" hostname="LapWinX-DAC104" failures="0" tests="3" name="Test-SuccessfulLogin_CreateMotorFleet" time="27.049" errors="0" timestamp="2022-05-31T10:21:35 GST">
  <testcase classname="TestFunctions.ApplicationLandingPage" name="verifyLandingPage" time="4.604"/>
  <testcase classname="TestFunctions.ApplicationLogin" name="Login_Employee" time="9.593"/>
  <testcase classname="TestFunctions.Underwriting_MotorFleet_FleetDirect" name="CreateDirectFleet" time="12.844"/>
  <testcase classname="Common.BaseClass" name="@BeforeSuite initDriver" time="0.0">
    <ignored/>
  </testcase> <!-- @BeforeSuite initDriver -->
  <testcase classname="Common.BaseClass" name="@BeforeSuite initDriver" time="0.0">
    <ignored/>
  </testcase> <!-- @BeforeSuite initDriver -->
</testsuite> <!-- Test-SuccessfulLogin_CreateMotorFleet -->
