<?xml version="1.0" encoding="UTF-8"?>
<!-- Generated by org.testng.reporters.JUnitXMLReporter -->
<testsuite ignored="1" hostname="LapWinX-DAC104" failures="1" tests="2" name="Test-FailedTC_Sample" time="133.989" errors="0" timestamp="2022-05-30T20:03:18 GST">
  <testcase classname="TestFunctions.ApplicationLandingPage" name="verifyLandingPage" time="44.939"/>
  <testcase classname="TestFunctions.ApplicationLoginNegative_FailedSample" name="Login_Employee_NegativeValidation" time="83.838">
    <failure type="java.lang.AssertionError" message="expected [The username or password you entered is incorrec] but found [The username or password you entered is incorrect]">
      <![CDATA[java.lang.AssertionError: expected [The username or password you entered is incorrec] but found [The username or password you entered is incorrect]
at TestFunctions.ApplicationLoginNegative_FailedSample.Login_Employee_NegativeValidation(ApplicationLoginNegative_FailedSample.java:47)
at java.base/java.util.ArrayList.forEach(ArrayList.java:1511)
... Removed 33 stack frames]]>
    </failure>
  </testcase> <!-- Login_Employee_NegativeValidation -->
  <testcase classname="Common.BaseClass" name="@BeforeSuite initDriver" time="0.0">
    <ignored/>
  </testcase> <!-- @BeforeSuite initDriver -->
</testsuite> <!-- Test-FailedTC_Sample -->
