<?xml version="1.0" encoding="UTF-8"?>
<!-- Generated by org.testng.reporters.JUnitXMLReporter -->
<testsuite ignored="2" hostname="LapWinX-DAC104" failures="0" tests="3" name="Test-SuccessfulLogin" time="25.282" errors="0" timestamp="2022-05-30T16:42:41 GST">
  <testcase classname="TestFunctions.ApplicationLandingPage" name="verifyLandingPage" time="6.399"/>
  <testcase classname="TestFunctions.ApplicationLogin" name="Login_Employee" time="9.423"/>
  <testcase classname="TestFunctions.Underwriting_MotorFleet_FleetDirect" name="CreateDirectFleet" time="9.373"/>
  <testcase classname="Common.BaseClass" name="@BeforeSuite initDriver" time="0.0">
    <ignored/>
  </testcase> <!-- @BeforeSuite initDriver -->
  <testcase classname="Common.BaseClass" name="@BeforeSuite initDriver" time="0.0">
    <ignored/>
  </testcase> <!-- @BeforeSuite initDriver -->
</testsuite> <!-- Test-SuccessfulLogin -->
