<?xml version="1.0" encoding="UTF-8"?>
<!-- Generated by org.testng.reporters.JUnitReportReporter -->
<testsuite hostname="LapWinX-DAC104" failures="0" tests="1" name="TestFunctions.ApplicationLogin" time="9.593" errors="0" timestamp="2022-05-31T10:21:35 GST" skipped="0">
  <testcase classname="TestFunctions.ApplicationLogin" name="Login_Employee" time="9.593"/>
  <system-out/>
</testsuite> <!-- TestFunctions.ApplicationLogin -->
