<?xml version="1.0" encoding="UTF-8"?>
<!-- Generated by org.testng.reporters.JUnitReportReporter -->
<testsuite hostname="LapWinX-DAC104" failures="0" tests="1" name="TestFunctions.Underwriting_MotorFleet_FleetDirect" time="12.844" errors="0" timestamp="2022-05-31T10:21:35 GST" skipped="0">
  <testcase classname="TestFunctions.Underwriting_MotorFleet_FleetDirect" name="CreateDirectFleet" time="12.844"/>
  <system-out/>
</testsuite> <!-- TestFunctions.Underwriting_MotorFleet_FleetDirect -->
