<?xml version="1.0" encoding="UTF-8"?>
<!-- Generated by org.testng.reporters.JUnitReportReporter -->
<testsuite hostname="LapWinX-DAC119" failures="0" tests="1" name="TestFunctions.ApplicationLandingPage" time="6.263" errors="0" timestamp="2022-07-15T17:40:51 IST" skipped="0">
  <testcase classname="TestFunctions.ApplicationLandingPage" name="verifyLandingPage" time="6.263"/>
  <system-out/>
</testsuite> <!-- TestFunctions.ApplicationLandingPage -->
