<?xml version="1.0" encoding="UTF-8"?>
<!-- Generated by org.testng.reporters.JUnitReportReporter -->
<testsuite hostname="LapWinX-DAC104" failures="0" tests="2" name="TestFunctions.ApplicationLandingPage" time="10.522" errors="0" timestamp="2022-05-31T10:21:35 GST" skipped="0">
  <testcase classname="TestFunctions.ApplicationLandingPage" name="verifyLandingPage" time="5.918"/>
  <system-out/>
  <testcase classname="TestFunctions.ApplicationLandingPage" name="verifyLandingPage" time="4.604"/>
  <system-out/>
</testsuite> <!-- TestFunctions.ApplicationLandingPage -->
