<?xml version="1.0" encoding="UTF-8"?>
<!-- Generated by org.testng.reporters.JUnitReportReporter -->
<testsuite hostname="LapWinX-DAC104" failures="0" tests="1" name="TestFunctions.Admin_AssignDocuments" time="3.451" errors="0" timestamp="2022-05-29T11:49:29 GST" skipped="0">
  <testcase classname="TestFunctions.Admin_AssignDocuments" name="verifyProfileDetails" time="3.451"/>
  <system-out/>
</testsuite> <!-- TestFunctions.Admin_AssignDocuments -->
