<?xml version="1.0" encoding="UTF-8"?>
<!-- Generated by org.testng.reporters.JUnitReportReporter -->
<testsuite hostname="LapWinX-DAC119" failures="0" tests="1" name="TestFunctions.SelectPolicy" time="0.000" errors="0" timestamp="2022-07-15T16:22:03 IST" skipped="1">
  <testcase classname="TestFunctions.SelectPolicy" name="SelectPolicys" time="0.000">
    <skipped/>
  </testcase> <!-- SelectPolicys -->
  <system-out/>
</testsuite> <!-- TestFunctions.SelectPolicy -->
